Add Component: Footprint Not Found CAP_panassonic_100n_450V
Add Component: Footprint Not Found CAP_panassonic_100n_450V
Add Component: Footprint Not Found CAP_panassonic_100n_450V
Add Component: Footprint Not Found CAP_panassonic_1u_450V
Add Component: Footprint Not Found CAP_panassonic_100n_450V
Add Component: Footprint Not Found CAP_panassonic_100n_450V
Add Component: Footprint Not Found CAPPRD500W50D630H1120_stand
Add Component: Footprint Not Found CAP_panassonic_100n_450V
Add Component: Footprint Not Found 2_conn_NC
Add Component: Footprint Not Found 2_conn_NC
Add Component: Footprint Not Found 2_conn_NC
Add Component: Footprint Not Found 2_conn_NC
Add Component: Footprint Not Found 2_conn_NC
Add Component: Footprint Not Found 2_conn_NC
Add Component: Footprint Not Found TO126
Add Component: Footprint Not Found RES_2W_vertical
Add Component: Footprint Not Found RES_2W_vertical
Add Component: Footprint Not Found RES_2W_vertical
Add Component: Footprint Not Found RES_2W_vertical
Add Component: Footprint Not Found RES_2W_vertical
Add Component: Footprint Not Found RES_2W_vertical
Add Component: Footprint Not Found RES_2W_vertical
Add Component: Footprint Not Found RES_2W_vertical
Add Component: Footprint Not Found RES_2W_vertical
Add Component: Footprint Not Found RES_2W_vertical
Add Component: Footprint Not Found RES_2W_vertical
Add Component: Footprint Not Found RES_2W_vertical
Add Component: Footprint Not Found RES_2W_vertical
Add Component: Footprint Not Found RES_2W_vertical
Add Component: Footprint Not Found RES_2W_vertical
Add Component: Footprint Not Found RES_2W_vertical
Add Component: Footprint Not Found RES_2W_vertical
Add Component: Footprint Not Found RES_2W_vertical
Add Component: Footprint Not Found RES_2W_vertical
Add Component: Footprint Not Found RES_2W_vertical
Add Component: Footprint Not Found RES_2W_vertical
Add Component: Footprint Not Found RES_2W_vertical
Add Component: Footprint Not Found TRIM_PV36W204C01B00 - duplicate
Add Component: Footprint Not Found TRIM_PV36W204C01B00 - duplicate
Add Component: Footprint Not Found test_point_1.5mm
Add Component: Footprint Not Found test_point_1.5mm
Add Component: Footprint Not Found test_point_1.5mm
Add Component: Footprint Not Found test_point_1.5mm
Add Component: Footprint Not Found test_point_1.5mm
Add Component: Footprint Not Found test_point_1.5mm
Add Component: Footprint Not Found test_point_1.5mm
Add Component: Footprint Not Found EL84
Add Component: Footprint Not Found EL84
Add Component: Footprint Not Found 12A_7
Add Component: Footprint Not Found 12A_7
Add Pin To Net: Unknown Pin: Pin C1-1
Add Pin To Net: Unknown Pin: Pin C1-2
Add Pin To Net: Unknown Pin: Pin C2-1
Add Pin To Net: Unknown Pin: Pin C2-2
Add Pin To Net: Unknown Pin: Pin C3-1
Add Pin To Net: Unknown Pin: Pin C3-2
Add Pin To Net: Unknown Pin: Pin C4-1
Add Pin To Net: Unknown Pin: Pin C4-2
Add Pin To Net: Unknown Pin: Pin C5-1
Add Pin To Net: Unknown Pin: Pin C5-2
Add Pin To Net: Unknown Pin: Pin C6-1
Add Pin To Net: Unknown Pin: Pin C6-2
Add Pin To Net: Unknown Pin: Pin C7-N
Add Pin To Net: Unknown Pin: Pin C7-P
Add Pin To Net: Unknown Pin: Pin C8-1
Add Pin To Net: Unknown Pin: Pin C8-2
Add Pin To Net: Unknown Pin: Pin P1-1
Add Pin To Net: Unknown Pin: Pin P1-2
Add Pin To Net: Unknown Pin: Pin P2-1
Add Pin To Net: Unknown Pin: Pin P2-2
Add Pin To Net: Unknown Pin: Pin P3-1
Add Pin To Net: Unknown Pin: Pin P3-2
Add Pin To Net: Unknown Pin: Pin P4-1
Add Pin To Net: Unknown Pin: Pin P4-2
Add Pin To Net: Unknown Pin: Pin P5-1
Add Pin To Net: Unknown Pin: Pin P5-2
Add Pin To Net: Unknown Pin: Pin P6-1
Add Pin To Net: Unknown Pin: Pin P6-2
Add Pin To Net: Unknown Pin: Pin Q1-1
Add Pin To Net: Unknown Pin: Pin Q1-2
Add Pin To Net: Unknown Pin: Pin Q1-3
Add Pin To Net: Unknown Pin: Pin R1-1
Add Pin To Net: Unknown Pin: Pin R1-2
Add Pin To Net: Unknown Pin: Pin R2-1
Add Pin To Net: Unknown Pin: Pin R2-2
Add Pin To Net: Unknown Pin: Pin R3-1
Add Pin To Net: Unknown Pin: Pin R3-2
Add Pin To Net: Unknown Pin: Pin R4-1
Add Pin To Net: Unknown Pin: Pin R4-2
Add Pin To Net: Unknown Pin: Pin R5-1
Add Pin To Net: Unknown Pin: Pin R5-2
Add Pin To Net: Unknown Pin: Pin R6-1
Add Pin To Net: Unknown Pin: Pin R6-2
Add Pin To Net: Unknown Pin: Pin R7-1
Add Pin To Net: Unknown Pin: Pin R7-2
Add Pin To Net: Unknown Pin: Pin R8-1
Add Pin To Net: Unknown Pin: Pin R8-2
Add Pin To Net: Unknown Pin: Pin R9-1
Add Pin To Net: Unknown Pin: Pin R9-2
Add Pin To Net: Unknown Pin: Pin R10-1
Add Pin To Net: Unknown Pin: Pin R10-2
Add Pin To Net: Unknown Pin: Pin R11-1
Add Pin To Net: Unknown Pin: Pin R11-2
Add Pin To Net: Unknown Pin: Pin R12-1
Add Pin To Net: Unknown Pin: Pin R12-2
Add Pin To Net: Unknown Pin: Pin R13-1
Add Pin To Net: Unknown Pin: Pin R13-2
Add Pin To Net: Unknown Pin: Pin R14-1
Add Pin To Net: Unknown Pin: Pin R14-2
Add Pin To Net: Unknown Pin: Pin R15-1
Add Pin To Net: Unknown Pin: Pin R15-2
Add Pin To Net: Unknown Pin: Pin R16-1
Add Pin To Net: Unknown Pin: Pin R16-2
Add Pin To Net: Unknown Pin: Pin R17-1
Add Pin To Net: Unknown Pin: Pin R17-2
Add Pin To Net: Unknown Pin: Pin R18-1
Add Pin To Net: Unknown Pin: Pin R18-2
Add Pin To Net: Unknown Pin: Pin R19-1
Add Pin To Net: Unknown Pin: Pin R19-2
Add Pin To Net: Unknown Pin: Pin R20-1
Add Pin To Net: Unknown Pin: Pin R20-2
Add Pin To Net: Unknown Pin: Pin R21-1
Add Pin To Net: Unknown Pin: Pin R21-2
Add Pin To Net: Unknown Pin: Pin R22-1
Add Pin To Net: Unknown Pin: Pin R22-2
Add Pin To Net: Unknown Pin: Pin RV1-1
Add Pin To Net: Unknown Pin: Pin RV1-2
Add Pin To Net: Unknown Pin: Pin RV1-3
Add Pin To Net: Unknown Pin: Pin RV2-1
Add Pin To Net: Unknown Pin: Pin RV2-2
Add Pin To Net: Unknown Pin: Pin RV2-3
Add Pin To Net: Unknown Pin: Pin TP1-1
Add Pin To Net: Unknown Pin: Pin TP2-1
Add Pin To Net: Unknown Pin: Pin TP3-1
Add Pin To Net: Unknown Pin: Pin TP4-1
Add Pin To Net: Unknown Pin: Pin TP5-1
Add Pin To Net: Unknown Pin: Pin TP6-1
Add Pin To Net: Unknown Pin: Pin TP7-1
Add Pin To Net: Unknown Pin: Pin U1-2
Add Pin To Net: Unknown Pin: Pin U1-3
Add Pin To Net: Unknown Pin: Pin U1-4
Add Pin To Net: Unknown Pin: Pin U1-5
Add Pin To Net: Unknown Pin: Pin U1-7
Add Pin To Net: Unknown Pin: Pin U1-9
Add Pin To Net: Unknown Pin: Pin U2-2
Add Pin To Net: Unknown Pin: Pin U2-3
Add Pin To Net: Unknown Pin: Pin U2-4
Add Pin To Net: Unknown Pin: Pin U2-5
Add Pin To Net: Unknown Pin: Pin U2-7
Add Pin To Net: Unknown Pin: Pin U2-9
Add Pin To Net: Unknown Pin: Pin V1-1
Add Pin To Net: Unknown Pin: Pin V1-2
Add Pin To Net: Unknown Pin: Pin V1-3
Add Pin To Net: Unknown Pin: Pin V1-4
Add Pin To Net: Unknown Pin: Pin V1-5
Add Pin To Net: Unknown Pin: Pin V1-6
Add Pin To Net: Unknown Pin: Pin V1-7
Add Pin To Net: Unknown Pin: Pin V1-8
Add Pin To Net: Unknown Pin: Pin V1-9
Add Pin To Net: Unknown Pin: Pin V2-1
Add Pin To Net: Unknown Pin: Pin V2-2
Add Pin To Net: Unknown Pin: Pin V2-3
Add Pin To Net: Unknown Pin: Pin V2-4
Add Pin To Net: Unknown Pin: Pin V2-5
Add Pin To Net: Unknown Pin: Pin V2-6
Add Pin To Net: Unknown Pin: Pin V2-7
Add Pin To Net: Unknown Pin: Pin V2-8
Add Pin To Net: Unknown Pin: Pin V2-9
Add Class Member: Failed to add class member : Component C1 100nF
Add Class Member: Failed to add class member : Component C2 100nF
Add Class Member: Failed to add class member : Component C3 100nF
Add Class Member: Failed to add class member : Component C4 1uF
Add Class Member: Failed to add class member : Component C5 100nF
Add Class Member: Failed to add class member : Component C6 100nF
Add Class Member: Failed to add class member : Component C7 CAP_EL_220u_stand
Add Class Member: Failed to add class member : Component C8 100nF
Add Class Member: Failed to add class member : Component P1 2_conn_NC
Add Class Member: Failed to add class member : Component P2 2_conn_NC
Add Class Member: Failed to add class member : Component P3 2_conn_NC
Add Class Member: Failed to add class member : Component P4 2_conn_NC
Add Class Member: Failed to add class member : Component P5 2_conn_NC
Add Class Member: Failed to add class member : Component P6 2_conn_NC
Add Class Member: Failed to add class member : Component Q1 MJE340*
Add Class Member: Failed to add class member : Component R1 22k
Add Class Member: Failed to add class member : Component R2 1k
Add Class Member: Failed to add class member : Component R3 22k
Add Class Member: Failed to add class member : Component R4 220k
Add Class Member: Failed to add class member : Component R5 1R
Add Class Member: Failed to add class member : Component R6 1k
Add Class Member: Failed to add class member : Component R7 1R
Add Class Member: Failed to add class member : Component R8 220k
Add Class Member: Failed to add class member : Component R9 1k
Add Class Member: Failed to add class member : Component R10 1k
Add Class Member: Failed to add class member : Component R11 1k
Add Class Member: Failed to add class member : Component R12 820R
Add Class Member: Failed to add class member : Component R13 220R
Add Class Member: Failed to add class member : Component R14 220R
Add Class Member: Failed to add class member : Component R15 220k
Add Class Member: Failed to add class member : Component R16 82k
Add Class Member: Failed to add class member : Component R17 10k
Add Class Member: Failed to add class member : Component R18 150K
Add Class Member: Failed to add class member : Component R19 1k
Add Class Member: Failed to add class member : Component R20 1M
Add Class Member: Failed to add class member : Component R21 820R
Add Class Member: Failed to add class member : Component R22 47R
Add Class Member: Failed to add class member : Component RV1 TRIMMER_10k
Add Class Member: Failed to add class member : Component RV2 TRIMMER_1k
Add Class Member: Failed to add class member : Component TP1 TP_1.5mm
Add Class Member: Failed to add class member : Component TP2 TP_1.5mm
Add Class Member: Failed to add class member : Component TP3 TP_1.5mm
Add Class Member: Failed to add class member : Component TP4 TP_1.5mm
Add Class Member: Failed to add class member : Component TP5 TP_1.5mm
Add Class Member: Failed to add class member : Component TP6 TP_1.5mm
Add Class Member: Failed to add class member : Component TP7 TP_1.5mm
Add Class Member: Failed to add class member : Component U1 EL84
Add Class Member: Failed to add class member : Component U2 EL84
Add Class Member: Failed to add class member : Component V1 12AU7
Add Class Member: Failed to add class member : Component V2 12AU7
