Added Component: Designator=C1(CAP_panassonic_100n_450V)
Add component (AddParameter): Name = "Part Number"; Value = "CMICA_47PF"; VariantName = "[No Variations]"
Add component (AddParameter): Name = "Value"; Value = "100nF"; VariantName = "[No Variations]"
Added Component: Designator=C2(CAP_panassonic_100n_450V)
Add component (AddParameter): Name = "Part Number"; Value = "CMICA_47PF"; VariantName = "[No Variations]"
Add component (AddParameter): Name = "Value"; Value = "100nF"; VariantName = "[No Variations]"
Added Component: Designator=C3(CAP_panassonic_100n_450V)
Add component (AddParameter): Name = "Part Number"; Value = "CMICA_47PF"; VariantName = "[No Variations]"
Add component (AddParameter): Name = "Value"; Value = "100nF"; VariantName = "[No Variations]"
Added Component: Designator=C4(CAP_panassonic_1u_450V)
Add component (AddParameter): Name = "Part Number"; Value = "CMICA_47PF"; VariantName = "[No Variations]"
Add component (AddParameter): Name = "Value"; Value = "1uF"; VariantName = "[No Variations]"
Added Component: Designator=C5(CAP_panassonic_100n_450V)
Add component (AddParameter): Name = "Part Number"; Value = "CMICA_47PF"; VariantName = "[No Variations]"
Add component (AddParameter): Name = "Value"; Value = "100nF"; VariantName = "[No Variations]"
Added Component: Designator=C6(CAP_panassonic_100n_450V)
Add component (AddParameter): Name = "Part Number"; Value = "CMICA_47PF"; VariantName = "[No Variations]"
Add component (AddParameter): Name = "Value"; Value = "100nF"; VariantName = "[No Variations]"
Added Component: Designator=C7(CAPPRD500W50D630H1120_stand)
Add component (AddParameter): Name = "Availability"; Value = "In Stock"; VariantName = "[No Variations]"
Add component (AddParameter): Name = "Check_prices"; Value = "https://www.snapeda.com/parts/EEU-HD1C221B/Panasonic/view-part/?ref=eda"; VariantName = "[No Variations]"
Add component (AddParameter): Name = "MF"; Value = "Panasonic"; VariantName = "[No Variations]"
Add component (AddParameter): Name = "MP"; Value = "EEU-HD1C221B"; VariantName = "[No Variations]"
Add component (AddParameter): Name = "Package"; Value = "RADIAL-2 Panasonic"; VariantName = "[No Variations]"
Add component (AddParameter): Name = "Price"; Value = "None"; VariantName = "[No Variations]"
Add component (AddParameter): Name = "Purchase-URL"; Value = "https://pricing.snapeda.com/search/part/EEU-HD1C221B/?ref=eda"; VariantName = "[No Variations]"
Add component (AddParameter): Name = "SnapEDA_Link"; Value = "https://www.snapeda.com/parts/EEU-HD1C221B/Panasonic/view-part/?ref=snap"; VariantName = "[No Variations]"
Add component (AddParameter): Name = "Value"; Value = "220uF"; VariantName = "[No Variations]"
Added Component: Designator=C8(CAP_panassonic_100n_450V)
Add component (AddParameter): Name = "Part Number"; Value = "CMICA_47PF"; VariantName = "[No Variations]"
Add component (AddParameter): Name = "Value"; Value = "100nF"; VariantName = "[No Variations]"
Added Component: Designator=P1(2_conn_NC)
Add component (AddParameter): Name = "Availability"; Value = "In Stock"; VariantName = "[No Variations]"
Add component (AddParameter): Name = "Check_prices"; Value = "https://www.snapeda.com/parts/S2B-PH-SM4-TB/JST+Sales+America+Inc./view-part/?ref=eda"; VariantName = "[No Variations]"
Add component (AddParameter): Name = "MF"; Value = "JST Sales"; VariantName = "[No Variations]"
Add component (AddParameter): Name = "MP"; Value = "S2B-PH-SM4-TB"; VariantName = "[No Variations]"
Add component (AddParameter): Name = "Package"; Value = "None"; VariantName = "[No Variations]"
Add component (AddParameter): Name = "Price"; Value = "None"; VariantName = "[No Variations]"
Add component (AddParameter): Name = "Purchase-URL"; Value = "https://pricing.snapeda.com/search/part/S2B-PH-SM4-TB/?ref=eda"; VariantName = "[No Variations]"
Add component (AddParameter): Name = "SnapEDA_Link"; Value = "https://www.snapeda.com/parts/S2B-PH-SM4-TB/JST+Sales+America+Inc./view-part/?ref=snap"; VariantName = "[No Variations]"
Add component (AddParameter): Name = "Value"; Value = ""; VariantName = "[No Variations]"
Added Component: Designator=P2(2_conn_NC)
Add component (AddParameter): Name = "Availability"; Value = "In Stock"; VariantName = "[No Variations]"
Add component (AddParameter): Name = "Check_prices"; Value = "https://www.snapeda.com/parts/S2B-PH-SM4-TB/JST+Sales+America+Inc./view-part/?ref=eda"; VariantName = "[No Variations]"
Add component (AddParameter): Name = "MF"; Value = "JST Sales"; VariantName = "[No Variations]"
Add component (AddParameter): Name = "MP"; Value = "S2B-PH-SM4-TB"; VariantName = "[No Variations]"
Add component (AddParameter): Name = "Package"; Value = "None"; VariantName = "[No Variations]"
Add component (AddParameter): Name = "Price"; Value = "None"; VariantName = "[No Variations]"
Add component (AddParameter): Name = "Purchase-URL"; Value = "https://pricing.snapeda.com/search/part/S2B-PH-SM4-TB/?ref=eda"; VariantName = "[No Variations]"
Add component (AddParameter): Name = "SnapEDA_Link"; Value = "https://www.snapeda.com/parts/S2B-PH-SM4-TB/JST+Sales+America+Inc./view-part/?ref=snap"; VariantName = "[No Variations]"
Add component (AddParameter): Name = "Value"; Value = ""; VariantName = "[No Variations]"
Added Component: Designator=P3(2_conn_NC)
Add component (AddParameter): Name = "Availability"; Value = "In Stock"; VariantName = "[No Variations]"
Add component (AddParameter): Name = "Check_prices"; Value = "https://www.snapeda.com/parts/S2B-PH-SM4-TB/JST+Sales+America+Inc./view-part/?ref=eda"; VariantName = "[No Variations]"
Add component (AddParameter): Name = "MF"; Value = "JST Sales"; VariantName = "[No Variations]"
Add component (AddParameter): Name = "MP"; Value = "S2B-PH-SM4-TB"; VariantName = "[No Variations]"
Add component (AddParameter): Name = "Package"; Value = "None"; VariantName = "[No Variations]"
Add component (AddParameter): Name = "Price"; Value = "None"; VariantName = "[No Variations]"
Add component (AddParameter): Name = "Purchase-URL"; Value = "https://pricing.snapeda.com/search/part/S2B-PH-SM4-TB/?ref=eda"; VariantName = "[No Variations]"
Add component (AddParameter): Name = "SnapEDA_Link"; Value = "https://www.snapeda.com/parts/S2B-PH-SM4-TB/JST+Sales+America+Inc./view-part/?ref=snap"; VariantName = "[No Variations]"
Add component (AddParameter): Name = "Value"; Value = ""; VariantName = "[No Variations]"
Added Component: Designator=P4(2_conn_NC)
Add component (AddParameter): Name = "Availability"; Value = "In Stock"; VariantName = "[No Variations]"
Add component (AddParameter): Name = "Check_prices"; Value = "https://www.snapeda.com/parts/S2B-PH-SM4-TB/JST+Sales+America+Inc./view-part/?ref=eda"; VariantName = "[No Variations]"
Add component (AddParameter): Name = "MF"; Value = "JST Sales"; VariantName = "[No Variations]"
Add component (AddParameter): Name = "MP"; Value = "S2B-PH-SM4-TB"; VariantName = "[No Variations]"
Add component (AddParameter): Name = "Package"; Value = "None"; VariantName = "[No Variations]"
Add component (AddParameter): Name = "Price"; Value = "None"; VariantName = "[No Variations]"
Add component (AddParameter): Name = "Purchase-URL"; Value = "https://pricing.snapeda.com/search/part/S2B-PH-SM4-TB/?ref=eda"; VariantName = "[No Variations]"
Add component (AddParameter): Name = "SnapEDA_Link"; Value = "https://www.snapeda.com/parts/S2B-PH-SM4-TB/JST+Sales+America+Inc./view-part/?ref=snap"; VariantName = "[No Variations]"
Add component (AddParameter): Name = "Value"; Value = ""; VariantName = "[No Variations]"
Added Component: Designator=P5(2_conn_NC)
Add component (AddParameter): Name = "Availability"; Value = "In Stock"; VariantName = "[No Variations]"
Add component (AddParameter): Name = "Check_prices"; Value = "https://www.snapeda.com/parts/S2B-PH-SM4-TB/JST+Sales+America+Inc./view-part/?ref=eda"; VariantName = "[No Variations]"
Add component (AddParameter): Name = "MF"; Value = "JST Sales"; VariantName = "[No Variations]"
Add component (AddParameter): Name = "MP"; Value = "S2B-PH-SM4-TB"; VariantName = "[No Variations]"
Add component (AddParameter): Name = "Package"; Value = "None"; VariantName = "[No Variations]"
Add component (AddParameter): Name = "Price"; Value = "None"; VariantName = "[No Variations]"
Add component (AddParameter): Name = "Purchase-URL"; Value = "https://pricing.snapeda.com/search/part/S2B-PH-SM4-TB/?ref=eda"; VariantName = "[No Variations]"
Add component (AddParameter): Name = "SnapEDA_Link"; Value = "https://www.snapeda.com/parts/S2B-PH-SM4-TB/JST+Sales+America+Inc./view-part/?ref=snap"; VariantName = "[No Variations]"
Add component (AddParameter): Name = "Value"; Value = ""; VariantName = "[No Variations]"
Added Component: Designator=P6(2_conn_NC)
Add component (AddParameter): Name = "Availability"; Value = "In Stock"; VariantName = "[No Variations]"
Add component (AddParameter): Name = "Check_prices"; Value = "https://www.snapeda.com/parts/S2B-PH-SM4-TB/JST+Sales+America+Inc./view-part/?ref=eda"; VariantName = "[No Variations]"
Add component (AddParameter): Name = "MF"; Value = "JST Sales"; VariantName = "[No Variations]"
Add component (AddParameter): Name = "MP"; Value = "S2B-PH-SM4-TB"; VariantName = "[No Variations]"
Add component (AddParameter): Name = "Package"; Value = "None"; VariantName = "[No Variations]"
Add component (AddParameter): Name = "Price"; Value = "None"; VariantName = "[No Variations]"
Add component (AddParameter): Name = "Purchase-URL"; Value = "https://pricing.snapeda.com/search/part/S2B-PH-SM4-TB/?ref=eda"; VariantName = "[No Variations]"
Add component (AddParameter): Name = "SnapEDA_Link"; Value = "https://www.snapeda.com/parts/S2B-PH-SM4-TB/JST+Sales+America+Inc./view-part/?ref=snap"; VariantName = "[No Variations]"
Add component (AddParameter): Name = "Value"; Value = ""; VariantName = "[No Variations]"
Added Component: Designator=Q1(TO126)
Add component (AddParameter): Name = "Check_prices"; Value = "https://www.snapeda.com/parts/MJE340/STMicroelectronics/view-part/?ref=eda"; VariantName = "[No Variations]"
Add component (AddParameter): Name = "MF"; Value = "STMicroelectronics"; VariantName = "[No Variations]"
Add component (AddParameter): Name = "MP"; Value = "MJE340"; VariantName = "[No Variations]"
Add component (AddParameter): Name = "Package"; Value = "TO-126-3 Motorola"; VariantName = "[No Variations]"
Add component (AddParameter): Name = "SnapEDA_Link"; Value = "https://www.snapeda.com/parts/MJE340/STMicroelectronics/view-part/?ref=snap"; VariantName = "[No Variations]"
Add component (AddParameter): Name = "Value"; Value = ""; VariantName = "[No Variations]"
Added Component: Designator=R1(RES_2W_vertical)
Add component (AddParameter): Name = "Author"; Value = "colombari"; VariantName = "[No Variations]"
Add component (AddParameter): Name = "ComponentLink1Description"; Value = "Datasheet"; VariantName = "[No Variations]"
Add component (AddParameter): Name = "ComponentLink1URL"; Value = "N.A."; VariantName = "[No Variations]"
Add component (AddParameter): Name = "ComponentLink2Description"; Value = "Supplier link"; VariantName = "[No Variations]"
Add component (AddParameter): Name = "ComponentLink2URL"; Value = "N.A."; VariantName = "[No Variations]"
Add component (AddParameter): Name = "Part Number"; Value = "R2W"; VariantName = "[No Variations]"
Add component (AddParameter): Name = "Value"; Value = "22k"; VariantName = "[No Variations]"
Added Component: Designator=R2(RES_2W_vertical)
Add component (AddParameter): Name = "Author"; Value = "colombari"; VariantName = "[No Variations]"
Add component (AddParameter): Name = "ComponentLink1Description"; Value = "Datasheet"; VariantName = "[No Variations]"
Add component (AddParameter): Name = "ComponentLink1URL"; Value = "N.A."; VariantName = "[No Variations]"
Add component (AddParameter): Name = "ComponentLink2Description"; Value = "Supplier link"; VariantName = "[No Variations]"
Add component (AddParameter): Name = "ComponentLink2URL"; Value = "N.A."; VariantName = "[No Variations]"
Add component (AddParameter): Name = "Part Number"; Value = "R2W"; VariantName = "[No Variations]"
Add component (AddParameter): Name = "Value"; Value = "1k"; VariantName = "[No Variations]"
Added Component: Designator=R3(RES_2W_vertical)
Add component (AddParameter): Name = "Author"; Value = "colombari"; VariantName = "[No Variations]"
Add component (AddParameter): Name = "ComponentLink1Description"; Value = "Datasheet"; VariantName = "[No Variations]"
Add component (AddParameter): Name = "ComponentLink1URL"; Value = "N.A."; VariantName = "[No Variations]"
Add component (AddParameter): Name = "ComponentLink2Description"; Value = "Supplier link"; VariantName = "[No Variations]"
Add component (AddParameter): Name = "ComponentLink2URL"; Value = "N.A."; VariantName = "[No Variations]"
Add component (AddParameter): Name = "Part Number"; Value = "R2W"; VariantName = "[No Variations]"
Add component (AddParameter): Name = "Value"; Value = "22k"; VariantName = "[No Variations]"
Added Component: Designator=R4(RES_2W_vertical)
Add component (AddParameter): Name = "Author"; Value = "colombari"; VariantName = "[No Variations]"
Add component (AddParameter): Name = "ComponentLink1Description"; Value = "Datasheet"; VariantName = "[No Variations]"
Add component (AddParameter): Name = "ComponentLink1URL"; Value = "N.A."; VariantName = "[No Variations]"
Add component (AddParameter): Name = "ComponentLink2Description"; Value = "Supplier link"; VariantName = "[No Variations]"
Add component (AddParameter): Name = "ComponentLink2URL"; Value = "N.A."; VariantName = "[No Variations]"
Add component (AddParameter): Name = "Part Number"; Value = "R2W"; VariantName = "[No Variations]"
Add component (AddParameter): Name = "Value"; Value = "220k"; VariantName = "[No Variations]"
Added Component: Designator=R5(RES_2W_vertical)
Add component (AddParameter): Name = "Author"; Value = "colombari"; VariantName = "[No Variations]"
Add component (AddParameter): Name = "ComponentLink1Description"; Value = "Datasheet"; VariantName = "[No Variations]"
Add component (AddParameter): Name = "ComponentLink1URL"; Value = "N.A."; VariantName = "[No Variations]"
Add component (AddParameter): Name = "ComponentLink2Description"; Value = "Supplier link"; VariantName = "[No Variations]"
Add component (AddParameter): Name = "ComponentLink2URL"; Value = "N.A."; VariantName = "[No Variations]"
Add component (AddParameter): Name = "Part Number"; Value = "R2W"; VariantName = "[No Variations]"
Add component (AddParameter): Name = "Value"; Value = "1R"; VariantName = "[No Variations]"
Added Component: Designator=R6(RES_2W_vertical)
Add component (AddParameter): Name = "Author"; Value = "colombari"; VariantName = "[No Variations]"
Add component (AddParameter): Name = "ComponentLink1Description"; Value = "Datasheet"; VariantName = "[No Variations]"
Add component (AddParameter): Name = "ComponentLink1URL"; Value = "N.A."; VariantName = "[No Variations]"
Add component (AddParameter): Name = "ComponentLink2Description"; Value = "Supplier link"; VariantName = "[No Variations]"
Add component (AddParameter): Name = "ComponentLink2URL"; Value = "N.A."; VariantName = "[No Variations]"
Add component (AddParameter): Name = "Part Number"; Value = "R2W"; VariantName = "[No Variations]"
Add component (AddParameter): Name = "Value"; Value = "1k"; VariantName = "[No Variations]"
Added Component: Designator=R7(RES_2W_vertical)
Add component (AddParameter): Name = "Author"; Value = "colombari"; VariantName = "[No Variations]"
Add component (AddParameter): Name = "ComponentLink1Description"; Value = "Datasheet"; VariantName = "[No Variations]"
Add component (AddParameter): Name = "ComponentLink1URL"; Value = "N.A."; VariantName = "[No Variations]"
Add component (AddParameter): Name = "ComponentLink2Description"; Value = "Supplier link"; VariantName = "[No Variations]"
Add component (AddParameter): Name = "ComponentLink2URL"; Value = "N.A."; VariantName = "[No Variations]"
Add component (AddParameter): Name = "Part Number"; Value = "R2W"; VariantName = "[No Variations]"
Add component (AddParameter): Name = "Value"; Value = "1R"; VariantName = "[No Variations]"
Added Component: Designator=R8(RES_2W_vertical)
Add component (AddParameter): Name = "Author"; Value = "colombari"; VariantName = "[No Variations]"
Add component (AddParameter): Name = "ComponentLink1Description"; Value = "Datasheet"; VariantName = "[No Variations]"
Add component (AddParameter): Name = "ComponentLink1URL"; Value = "N.A."; VariantName = "[No Variations]"
Add component (AddParameter): Name = "ComponentLink2Description"; Value = "Supplier link"; VariantName = "[No Variations]"
Add component (AddParameter): Name = "ComponentLink2URL"; Value = "N.A."; VariantName = "[No Variations]"
Add component (AddParameter): Name = "Part Number"; Value = "R2W"; VariantName = "[No Variations]"
Add component (AddParameter): Name = "Value"; Value = "220k"; VariantName = "[No Variations]"
Added Component: Designator=R9(RES_2W_vertical)
Add component (AddParameter): Name = "Author"; Value = "colombari"; VariantName = "[No Variations]"
Add component (AddParameter): Name = "ComponentLink1Description"; Value = "Datasheet"; VariantName = "[No Variations]"
Add component (AddParameter): Name = "ComponentLink1URL"; Value = "N.A."; VariantName = "[No Variations]"
Add component (AddParameter): Name = "ComponentLink2Description"; Value = "Supplier link"; VariantName = "[No Variations]"
Add component (AddParameter): Name = "ComponentLink2URL"; Value = "N.A."; VariantName = "[No Variations]"
Add component (AddParameter): Name = "Part Number"; Value = "R2W"; VariantName = "[No Variations]"
Add component (AddParameter): Name = "Value"; Value = "1k"; VariantName = "[No Variations]"
Added Component: Designator=R10(RES_2W_vertical)
Add component (AddParameter): Name = "Author"; Value = "colombari"; VariantName = "[No Variations]"
Add component (AddParameter): Name = "ComponentLink1Description"; Value = "Datasheet"; VariantName = "[No Variations]"
Add component (AddParameter): Name = "ComponentLink1URL"; Value = "N.A."; VariantName = "[No Variations]"
Add component (AddParameter): Name = "ComponentLink2Description"; Value = "Supplier link"; VariantName = "[No Variations]"
Add component (AddParameter): Name = "ComponentLink2URL"; Value = "N.A."; VariantName = "[No Variations]"
Add component (AddParameter): Name = "Part Number"; Value = "R2W"; VariantName = "[No Variations]"
Add component (AddParameter): Name = "Value"; Value = "1k"; VariantName = "[No Variations]"
Added Component: Designator=R11(RES_2W_vertical)
Add component (AddParameter): Name = "Author"; Value = "colombari"; VariantName = "[No Variations]"
Add component (AddParameter): Name = "ComponentLink1Description"; Value = "Datasheet"; VariantName = "[No Variations]"
Add component (AddParameter): Name = "ComponentLink1URL"; Value = "N.A."; VariantName = "[No Variations]"
Add component (AddParameter): Name = "ComponentLink2Description"; Value = "Supplier link"; VariantName = "[No Variations]"
Add component (AddParameter): Name = "ComponentLink2URL"; Value = "N.A."; VariantName = "[No Variations]"
Add component (AddParameter): Name = "Part Number"; Value = "R2W"; VariantName = "[No Variations]"
Add component (AddParameter): Name = "Value"; Value = "1k"; VariantName = "[No Variations]"
Added Component: Designator=R12(RES_2W_vertical)
Add component (AddParameter): Name = "Author"; Value = "colombari"; VariantName = "[No Variations]"
Add component (AddParameter): Name = "ComponentLink1Description"; Value = "Datasheet"; VariantName = "[No Variations]"
Add component (AddParameter): Name = "ComponentLink1URL"; Value = "N.A."; VariantName = "[No Variations]"
Add component (AddParameter): Name = "ComponentLink2Description"; Value = "Supplier link"; VariantName = "[No Variations]"
Add component (AddParameter): Name = "ComponentLink2URL"; Value = "N.A."; VariantName = "[No Variations]"
Add component (AddParameter): Name = "Part Number"; Value = "R2W"; VariantName = "[No Variations]"
Add component (AddParameter): Name = "Value"; Value = "820R"; VariantName = "[No Variations]"
Added Component: Designator=R13(RES_2W_vertical)
Add component (AddParameter): Name = "Author"; Value = "colombari"; VariantName = "[No Variations]"
Add component (AddParameter): Name = "ComponentLink1Description"; Value = "Datasheet"; VariantName = "[No Variations]"
Add component (AddParameter): Name = "ComponentLink1URL"; Value = "N.A."; VariantName = "[No Variations]"
Add component (AddParameter): Name = "ComponentLink2Description"; Value = "Supplier link"; VariantName = "[No Variations]"
Add component (AddParameter): Name = "ComponentLink2URL"; Value = "N.A."; VariantName = "[No Variations]"
Add component (AddParameter): Name = "Part Number"; Value = "R2W"; VariantName = "[No Variations]"
Add component (AddParameter): Name = "Value"; Value = "220R"; VariantName = "[No Variations]"
Added Component: Designator=R14(RES_2W_vertical)
Add component (AddParameter): Name = "Author"; Value = "colombari"; VariantName = "[No Variations]"
Add component (AddParameter): Name = "ComponentLink1Description"; Value = "Datasheet"; VariantName = "[No Variations]"
Add component (AddParameter): Name = "ComponentLink1URL"; Value = "N.A."; VariantName = "[No Variations]"
Add component (AddParameter): Name = "ComponentLink2Description"; Value = "Supplier link"; VariantName = "[No Variations]"
Add component (AddParameter): Name = "ComponentLink2URL"; Value = "N.A."; VariantName = "[No Variations]"
Add component (AddParameter): Name = "Part Number"; Value = "R2W"; VariantName = "[No Variations]"
Add component (AddParameter): Name = "Value"; Value = "220R"; VariantName = "[No Variations]"
Added Component: Designator=R15(RES_2W_vertical)
Add component (AddParameter): Name = "Author"; Value = "colombari"; VariantName = "[No Variations]"
Add component (AddParameter): Name = "ComponentLink1Description"; Value = "Datasheet"; VariantName = "[No Variations]"
Add component (AddParameter): Name = "ComponentLink1URL"; Value = "N.A."; VariantName = "[No Variations]"
Add component (AddParameter): Name = "ComponentLink2Description"; Value = "Supplier link"; VariantName = "[No Variations]"
Add component (AddParameter): Name = "ComponentLink2URL"; Value = "N.A."; VariantName = "[No Variations]"
Add component (AddParameter): Name = "Part Number"; Value = "R2W"; VariantName = "[No Variations]"
Add component (AddParameter): Name = "Value"; Value = "220k"; VariantName = "[No Variations]"
Added Component: Designator=R16(RES_2W_vertical)
Add component (AddParameter): Name = "Author"; Value = "colombari"; VariantName = "[No Variations]"
Add component (AddParameter): Name = "ComponentLink1Description"; Value = "Datasheet"; VariantName = "[No Variations]"
Add component (AddParameter): Name = "ComponentLink1URL"; Value = "N.A."; VariantName = "[No Variations]"
Add component (AddParameter): Name = "ComponentLink2Description"; Value = "Supplier link"; VariantName = "[No Variations]"
Add component (AddParameter): Name = "ComponentLink2URL"; Value = "N.A."; VariantName = "[No Variations]"
Add component (AddParameter): Name = "Part Number"; Value = "R2W"; VariantName = "[No Variations]"
Add component (AddParameter): Name = "Value"; Value = "82k"; VariantName = "[No Variations]"
Added Component: Designator=R17(RES_2W_vertical)
Add component (AddParameter): Name = "Author"; Value = "colombari"; VariantName = "[No Variations]"
Add component (AddParameter): Name = "ComponentLink1Description"; Value = "Datasheet"; VariantName = "[No Variations]"
Add component (AddParameter): Name = "ComponentLink1URL"; Value = "N.A."; VariantName = "[No Variations]"
Add component (AddParameter): Name = "ComponentLink2Description"; Value = "Supplier link"; VariantName = "[No Variations]"
Add component (AddParameter): Name = "ComponentLink2URL"; Value = "N.A."; VariantName = "[No Variations]"
Add component (AddParameter): Name = "Part Number"; Value = "R2W"; VariantName = "[No Variations]"
Add component (AddParameter): Name = "Value"; Value = "10k"; VariantName = "[No Variations]"
Added Component: Designator=R18(RES_2W_vertical)
Add component (AddParameter): Name = "Author"; Value = "colombari"; VariantName = "[No Variations]"
Add component (AddParameter): Name = "ComponentLink1Description"; Value = "Datasheet"; VariantName = "[No Variations]"
Add component (AddParameter): Name = "ComponentLink1URL"; Value = "N.A."; VariantName = "[No Variations]"
Add component (AddParameter): Name = "ComponentLink2Description"; Value = "Supplier link"; VariantName = "[No Variations]"
Add component (AddParameter): Name = "ComponentLink2URL"; Value = "N.A."; VariantName = "[No Variations]"
Add component (AddParameter): Name = "Part Number"; Value = "R2W"; VariantName = "[No Variations]"
Add component (AddParameter): Name = "Value"; Value = "150K"; VariantName = "[No Variations]"
Added Component: Designator=R19(RES_2W_vertical)
Add component (AddParameter): Name = "Author"; Value = "colombari"; VariantName = "[No Variations]"
Add component (AddParameter): Name = "ComponentLink1Description"; Value = "Datasheet"; VariantName = "[No Variations]"
Add component (AddParameter): Name = "ComponentLink1URL"; Value = "N.A."; VariantName = "[No Variations]"
Add component (AddParameter): Name = "ComponentLink2Description"; Value = "Supplier link"; VariantName = "[No Variations]"
Add component (AddParameter): Name = "ComponentLink2URL"; Value = "N.A."; VariantName = "[No Variations]"
Add component (AddParameter): Name = "Part Number"; Value = "R2W"; VariantName = "[No Variations]"
Add component (AddParameter): Name = "Value"; Value = "1k"; VariantName = "[No Variations]"
Added Component: Designator=R20(RES_2W_vertical)
Add component (AddParameter): Name = "Author"; Value = "colombari"; VariantName = "[No Variations]"
Add component (AddParameter): Name = "ComponentLink1Description"; Value = "Datasheet"; VariantName = "[No Variations]"
Add component (AddParameter): Name = "ComponentLink1URL"; Value = "N.A."; VariantName = "[No Variations]"
Add component (AddParameter): Name = "ComponentLink2Description"; Value = "Supplier link"; VariantName = "[No Variations]"
Add component (AddParameter): Name = "ComponentLink2URL"; Value = "N.A."; VariantName = "[No Variations]"
Add component (AddParameter): Name = "Part Number"; Value = "R2W"; VariantName = "[No Variations]"
Add component (AddParameter): Name = "Value"; Value = "1M"; VariantName = "[No Variations]"
Added Component: Designator=R21(RES_2W_vertical)
Add component (AddParameter): Name = "Author"; Value = "colombari"; VariantName = "[No Variations]"
Add component (AddParameter): Name = "ComponentLink1Description"; Value = "Datasheet"; VariantName = "[No Variations]"
Add component (AddParameter): Name = "ComponentLink1URL"; Value = "N.A."; VariantName = "[No Variations]"
Add component (AddParameter): Name = "ComponentLink2Description"; Value = "Supplier link"; VariantName = "[No Variations]"
Add component (AddParameter): Name = "ComponentLink2URL"; Value = "N.A."; VariantName = "[No Variations]"
Add component (AddParameter): Name = "Part Number"; Value = "R2W"; VariantName = "[No Variations]"
Add component (AddParameter): Name = "Value"; Value = "820R"; VariantName = "[No Variations]"
Added Component: Designator=R22(RES_2W_vertical)
Add component (AddParameter): Name = "Author"; Value = "colombari"; VariantName = "[No Variations]"
Add component (AddParameter): Name = "ComponentLink1Description"; Value = "Datasheet"; VariantName = "[No Variations]"
Add component (AddParameter): Name = "ComponentLink1URL"; Value = "N.A."; VariantName = "[No Variations]"
Add component (AddParameter): Name = "ComponentLink2Description"; Value = "Supplier link"; VariantName = "[No Variations]"
Add component (AddParameter): Name = "ComponentLink2URL"; Value = "N.A."; VariantName = "[No Variations]"
Add component (AddParameter): Name = "Part Number"; Value = "R2W"; VariantName = "[No Variations]"
Add component (AddParameter): Name = "Value"; Value = "47R"; VariantName = "[No Variations]"
Added Component: Designator=RV1(TRIM_PV36W204C01B00 - duplicate)
Add component (AddParameter): Name = "Check_prices"; Value = "https://www.snapeda.com/parts/PV36W204C01B00./Bourns/view-part/?ref=eda"; VariantName = "[No Variations]"
Add component (AddParameter): Name = "MF"; Value = "Bourns Electronics"; VariantName = "[No Variations]"
Add component (AddParameter): Name = "MP"; Value = "PV36W204C01B00."; VariantName = "[No Variations]"
Add component (AddParameter): Name = "Package"; Value = "None"; VariantName = "[No Variations]"
Add component (AddParameter): Name = "SnapEDA_Link"; Value = "https://www.snapeda.com/parts/PV36W204C01B00./Bourns/view-part/?ref=snap"; VariantName = "[No Variations]"
Add component (AddParameter): Name = "Value"; Value = "10k"; VariantName = "[No Variations]"
Added Component: Designator=RV2(TRIM_PV36W204C01B00 - duplicate)
Add component (AddParameter): Name = "Check_prices"; Value = "https://www.snapeda.com/parts/PV36W204C01B00./Bourns/view-part/?ref=eda"; VariantName = "[No Variations]"
Add component (AddParameter): Name = "MF"; Value = "Bourns Electronics"; VariantName = "[No Variations]"
Add component (AddParameter): Name = "MP"; Value = "PV36W204C01B00."; VariantName = "[No Variations]"
Add component (AddParameter): Name = "Package"; Value = "None"; VariantName = "[No Variations]"
Add component (AddParameter): Name = "SnapEDA_Link"; Value = "https://www.snapeda.com/parts/PV36W204C01B00./Bourns/view-part/?ref=snap"; VariantName = "[No Variations]"
Add component (AddParameter): Name = "Value"; Value = "1k"; VariantName = "[No Variations]"
Added Component: Designator=TP1(test_point_1.5mm)
Added Component: Designator=TP2(test_point_1.5mm)
Added Component: Designator=TP3(test_point_1.5mm)
Added Component: Designator=TP4(test_point_1.5mm)
Added Component: Designator=TP5(test_point_1.5mm)
Added Component: Designator=TP6(test_point_1.5mm)
Added Component: Designator=TP7(test_point_1.5mm)
Added Component: Designator=U1(EL84)
Add component (AddParameter): Name = "Supplier"; Value = ""; VariantName = "[No Variations]"
Add component (AddParameter): Name = "Value"; Value = "EL84"; VariantName = "[No Variations]"
Added Component: Designator=U2(EL84)
Add component (AddParameter): Name = "Supplier"; Value = ""; VariantName = "[No Variations]"
Add component (AddParameter): Name = "Value"; Value = "EL84"; VariantName = "[No Variations]"
Added Component: Designator=V1(12A_7)
Add component (AddParameter): Name = "Check_prices"; Value = "https://www.snapeda.com/parts/12AX7/RCA/view-part/?ref=eda"; VariantName = "[No Variations]"
Add component (AddParameter): Name = "MF"; Value = "RCA"; VariantName = "[No Variations]"
Add component (AddParameter): Name = "MP"; Value = "12AX7"; VariantName = "[No Variations]"
Add component (AddParameter): Name = "Package"; Value = "None"; VariantName = "[No Variations]"
Add component (AddParameter): Name = "SnapEDA_Link"; Value = "https://www.snapeda.com/parts/12AX7/RCA/view-part/?ref=snap"; VariantName = "[No Variations]"
Add component (AddParameter): Name = "Value"; Value = ""; VariantName = "[No Variations]"
Added Component: Designator=V2(12A_7)
Add component (AddParameter): Name = "Check_prices"; Value = "https://www.snapeda.com/parts/12AX7/RCA/view-part/?ref=eda"; VariantName = "[No Variations]"
Add component (AddParameter): Name = "MF"; Value = "RCA"; VariantName = "[No Variations]"
Add component (AddParameter): Name = "MP"; Value = "12AX7"; VariantName = "[No Variations]"
Add component (AddParameter): Name = "Package"; Value = "None"; VariantName = "[No Variations]"
Add component (AddParameter): Name = "SnapEDA_Link"; Value = "https://www.snapeda.com/parts/12AX7/RCA/view-part/?ref=snap"; VariantName = "[No Variations]"
Add component (AddParameter): Name = "Value"; Value = ""; VariantName = "[No Variations]"
Added Pin To Net: NetName=NetC1_1 Pin=C1-1
Added Pin To Net: NetName=NetC1_2 Pin=C1-2
Added Pin To Net: NetName=NetC2_1 Pin=C2-1
Added Pin To Net: NetName=NetC2_2 Pin=C2-2
Added Pin To Net: NetName=NetC3_1 Pin=C3-1
Added Pin To Net: NetName=NetC3_2 Pin=C3-2
Added Pin To Net: NetName=V_IN Pin=C4-1
Added Pin To Net: NetName=NetC4_2 Pin=C4-2
Added Pin To Net: NetName=NetC5_1 Pin=C5-1
Added Pin To Net: NetName=NetC5_2 Pin=C5-2
Added Pin To Net: NetName=GND Pin=C6-1
Added Pin To Net: NetName=VAA Pin=C6-2
Added Pin To Net: NetName=GND Pin=C7-N
Added Pin To Net: NetName=NetC7_P Pin=C7-P
Added Pin To Net: NetName=GND Pin=C8-1
Added Pin To Net: NetName=VGG Pin=C8-2
Added Pin To Net: NetName=A1 Pin=P1-1
Added Pin To Net: NetName=S1 Pin=P1-2
Added Pin To Net: NetName=A2 Pin=P2-1
Added Pin To Net: NetName=S2 Pin=P2-2
Added Pin To Net: NetName=6V3+ Pin=P3-1
Added Pin To Net: NetName=6V3- Pin=P3-2
Added Pin To Net: NetName=VAA Pin=P4-1
Added Pin To Net: NetName=GND Pin=P4-2
Added Pin To Net: NetName=VGG Pin=P5-1
Added Pin To Net: NetName=GND Pin=P5-2
Added Pin To Net: NetName=V_IN Pin=P6-1
Added Pin To Net: NetName=GND Pin=P6-2
Added Pin To Net: NetName=NetQ1_1 Pin=Q1-1
Added Pin To Net: NetName=NetQ1_2 Pin=Q1-2
Added Pin To Net: NetName=NetQ1_3 Pin=Q1-3
Added Pin To Net: NetName=NetC1_1 Pin=R1-1
Added Pin To Net: NetName=VAA Pin=R1-2
Added Pin To Net: NetName=NetC1_2 Pin=R2-1
Added Pin To Net: NetName=NetR2_2 Pin=R2-2
Added Pin To Net: NetName=NetC2_1 Pin=R3-1
Added Pin To Net: NetName=VAA Pin=R3-2
Added Pin To Net: NetName=VGG Pin=R4-1
Added Pin To Net: NetName=NetC1_2 Pin=R4-2
Added Pin To Net: NetName=NetR5_1 Pin=R5-1
Added Pin To Net: NetName=GND Pin=R5-2
Added Pin To Net: NetName=NetR6_1 Pin=R6-1
Added Pin To Net: NetName=NetR6_2 Pin=R6-2
Added Pin To Net: NetName=NetR7_1 Pin=R7-1
Added Pin To Net: NetName=GND Pin=R7-2
Added Pin To Net: NetName=VGG Pin=R8-1
Added Pin To Net: NetName=NetC2_2 Pin=R8-2
Added Pin To Net: NetName=NetC3_2 Pin=R9-1
Added Pin To Net: NetName=NetR9_2 Pin=R9-2
Added Pin To Net: NetName=NetR10_1 Pin=R10-1
Added Pin To Net: NetName=GND Pin=R10-2
Added Pin To Net: NetName=NetC2_2 Pin=R11-1
Added Pin To Net: NetName=NetR11_2 Pin=R11-2
Added Pin To Net: NetName=NetR6_1 Pin=R12-1
Added Pin To Net: NetName=NetC3_1 Pin=R12-2
Added Pin To Net: NetName=GND Pin=R13-1
Added Pin To Net: NetName=6V3+ Pin=R13-2
Added Pin To Net: NetName=GND Pin=R14-1
Added Pin To Net: NetName=6V3- Pin=R14-2
Added Pin To Net: NetName=GND Pin=R15-1
Added Pin To Net: NetName=NetC3_2 Pin=R15-2
Added Pin To Net: NetName=NetC5_2 Pin=R16-1
Added Pin To Net: NetName=NetR16_2 Pin=R16-2
Added Pin To Net: NetName=NetC4_2 Pin=R17-1
Added Pin To Net: NetName=NetC5_2 Pin=R17-2
Added Pin To Net: NetName=NetQ1_3 Pin=R18-1
Added Pin To Net: NetName=VAA Pin=R18-2
Added Pin To Net: NetName=NetC5_1 Pin=R19-1
Added Pin To Net: NetName=NetR19_2 Pin=R19-2
Added Pin To Net: NetName=GND Pin=R20-1
Added Pin To Net: NetName=NetC5_1 Pin=R20-2
Added Pin To Net: NetName=GND Pin=R21-1
Added Pin To Net: NetName=NetC7_P Pin=R21-2
Added Pin To Net: NetName=NetR22_1 Pin=R22-1
Added Pin To Net: NetName=NetQ1_1 Pin=R22-2
Added Pin To Net: NetName=NetR16_2 Pin=RV1-1
Added Pin To Net: NetName=NetC3_1 Pin=RV1-2
Added Pin To Net: NetName=NetC3_1 Pin=RV1-3
Added Pin To Net: NetName=NetRV2_1 Pin=RV2-1
Added Pin To Net: NetName=NetQ1_2 Pin=RV2-2
Added Pin To Net: NetName=NetRV2_3 Pin=RV2-3
Added Pin To Net: NetName=NetC1_2 Pin=TP1-1
Added Pin To Net: NetName=NetR5_1 Pin=TP2-1
Added Pin To Net: NetName=NetC3_2 Pin=TP3-1
Added Pin To Net: NetName=NetR7_1 Pin=TP4-1
Added Pin To Net: NetName=NetC2_2 Pin=TP5-1
Added Pin To Net: NetName=NetQ1_3 Pin=TP6-1
Added Pin To Net: NetName=NetQ1_1 Pin=TP7-1
Added Pin To Net: NetName=NetR2_2 Pin=U1-2
Added Pin To Net: NetName=NetR5_1 Pin=U1-3
Added Pin To Net: NetName=6V3- Pin=U1-4
Added Pin To Net: NetName=6V3- Pin=U1-4
Added Pin To Net: NetName=6V3- Pin=U1-4
Added Pin To Net: NetName=6V3+ Pin=U1-5
Added Pin To Net: NetName=6V3+ Pin=U1-5
Added Pin To Net: NetName=6V3+ Pin=U1-5
Added Pin To Net: NetName=A1 Pin=U1-7
Added Pin To Net: NetName=S1 Pin=U1-9
Added Pin To Net: NetName=NetR11_2 Pin=U2-2
Added Pin To Net: NetName=NetR7_1 Pin=U2-3
Added Pin To Net: NetName=6V3- Pin=U2-4
Added Pin To Net: NetName=6V3- Pin=U2-4
Added Pin To Net: NetName=6V3- Pin=U2-4
Added Pin To Net: NetName=6V3+ Pin=U2-5
Added Pin To Net: NetName=6V3+ Pin=U2-5
Added Pin To Net: NetName=6V3+ Pin=U2-5
Added Pin To Net: NetName=A2 Pin=U2-7
Added Pin To Net: NetName=S2 Pin=U2-9
Added Pin To Net: NetName=NetC1_1 Pin=V1-1
Added Pin To Net: NetName=NetR9_2 Pin=V1-2
Added Pin To Net: NetName=NetRV2_3 Pin=V1-3
Added Pin To Net: NetName=6V3+ Pin=V1-4
Added Pin To Net: NetName=6V3+ Pin=V1-4
Added Pin To Net: NetName=6V3+ Pin=V1-5
Added Pin To Net: NetName=6V3+ Pin=V1-5
Added Pin To Net: NetName=VAA Pin=V1-6
Added Pin To Net: NetName=NetR6_2 Pin=V1-7
Added Pin To Net: NetName=NetC3_1 Pin=V1-8
Added Pin To Net: NetName=6V3- Pin=V1-9
Added Pin To Net: NetName=6V3- Pin=V1-9
Added Pin To Net: NetName=6V3- Pin=V1-9
Added Pin To Net: NetName=NetR6_1 Pin=V2-1
Added Pin To Net: NetName=NetR19_2 Pin=V2-2
Added Pin To Net: NetName=NetC7_P Pin=V2-3
Added Pin To Net: NetName=6V3+ Pin=V2-4
Added Pin To Net: NetName=6V3+ Pin=V2-4
Added Pin To Net: NetName=6V3+ Pin=V2-5
Added Pin To Net: NetName=6V3+ Pin=V2-5
Added Pin To Net: NetName=NetC2_1 Pin=V2-6
Added Pin To Net: NetName=NetR10_1 Pin=V2-7
Added Pin To Net: NetName=NetRV2_1 Pin=V2-8
Added Pin To Net: NetName=6V3- Pin=V2-9
Added Pin To Net: NetName=6V3- Pin=V2-9
Added Pin To Net: NetName=6V3- Pin=V2-9
Added Member To Class: ClassName=Gagabiro_POC_amp_main Member=Component C1 100nF
Added Member To Class: ClassName=Gagabiro_POC_amp_main Member=Component C2 100nF
Added Member To Class: ClassName=Gagabiro_POC_amp_main Member=Component C3 100nF
Added Member To Class: ClassName=Gagabiro_POC_amp_main Member=Component C4 1uF
Added Member To Class: ClassName=Gagabiro_POC_amp_main Member=Component C5 100nF
Added Member To Class: ClassName=Gagabiro_POC_amp_main Member=Component C6 100nF
Added Member To Class: ClassName=Gagabiro_POC_amp_main Member=Component C7 CAP_EL_220u_stand
Added Member To Class: ClassName=Gagabiro_POC_amp_main Member=Component C8 100nF
Added Member To Class: ClassName=Gagabiro_POC_amp_main Member=Component P1 2_conn_NC
Added Member To Class: ClassName=Gagabiro_POC_amp_main Member=Component P2 2_conn_NC
Added Member To Class: ClassName=Gagabiro_POC_amp_main Member=Component P3 2_conn_NC
Added Member To Class: ClassName=Gagabiro_POC_amp_main Member=Component P4 2_conn_NC
Added Member To Class: ClassName=Gagabiro_POC_amp_main Member=Component P5 2_conn_NC
Added Member To Class: ClassName=Gagabiro_POC_amp_main Member=Component P6 2_conn_NC
Added Member To Class: ClassName=Gagabiro_POC_amp_main Member=Component Q1 MJE340*
Added Member To Class: ClassName=Gagabiro_POC_amp_main Member=Component R1 22k
Added Member To Class: ClassName=Gagabiro_POC_amp_main Member=Component R2 1k
Added Member To Class: ClassName=Gagabiro_POC_amp_main Member=Component R3 22k
Added Member To Class: ClassName=Gagabiro_POC_amp_main Member=Component R4 220k
Added Member To Class: ClassName=Gagabiro_POC_amp_main Member=Component R5 1R
Added Member To Class: ClassName=Gagabiro_POC_amp_main Member=Component R6 1k
Added Member To Class: ClassName=Gagabiro_POC_amp_main Member=Component R7 1R
Added Member To Class: ClassName=Gagabiro_POC_amp_main Member=Component R8 220k
Added Member To Class: ClassName=Gagabiro_POC_amp_main Member=Component R9 1k
Added Member To Class: ClassName=Gagabiro_POC_amp_main Member=Component R10 1k
Added Member To Class: ClassName=Gagabiro_POC_amp_main Member=Component R11 1k
Added Member To Class: ClassName=Gagabiro_POC_amp_main Member=Component R12 820R
Added Member To Class: ClassName=Gagabiro_POC_amp_main Member=Component R13 220R
Added Member To Class: ClassName=Gagabiro_POC_amp_main Member=Component R14 220R
Added Member To Class: ClassName=Gagabiro_POC_amp_main Member=Component R15 220k
Added Member To Class: ClassName=Gagabiro_POC_amp_main Member=Component R16 82k
Added Member To Class: ClassName=Gagabiro_POC_amp_main Member=Component R17 10k
Added Member To Class: ClassName=Gagabiro_POC_amp_main Member=Component R18 150K
Added Member To Class: ClassName=Gagabiro_POC_amp_main Member=Component R19 1k
Added Member To Class: ClassName=Gagabiro_POC_amp_main Member=Component R20 1M
Added Member To Class: ClassName=Gagabiro_POC_amp_main Member=Component R21 820R
Added Member To Class: ClassName=Gagabiro_POC_amp_main Member=Component R22 47R
Added Member To Class: ClassName=Gagabiro_POC_amp_main Member=Component RV1 TRIMMER_10k
Added Member To Class: ClassName=Gagabiro_POC_amp_main Member=Component RV2 TRIMMER_1k
Added Member To Class: ClassName=Gagabiro_POC_amp_main Member=Component TP1 TP_1.5mm
Added Member To Class: ClassName=Gagabiro_POC_amp_main Member=Component TP2 TP_1.5mm
Added Member To Class: ClassName=Gagabiro_POC_amp_main Member=Component TP3 TP_1.5mm
Added Member To Class: ClassName=Gagabiro_POC_amp_main Member=Component TP4 TP_1.5mm
Added Member To Class: ClassName=Gagabiro_POC_amp_main Member=Component TP5 TP_1.5mm
Added Member To Class: ClassName=Gagabiro_POC_amp_main Member=Component TP6 TP_1.5mm
Added Member To Class: ClassName=Gagabiro_POC_amp_main Member=Component TP7 TP_1.5mm
Added Member To Class: ClassName=Gagabiro_POC_amp_main Member=Component U1 EL84
Added Member To Class: ClassName=Gagabiro_POC_amp_main Member=Component U2 EL84
Added Member To Class: ClassName=Gagabiro_POC_amp_main Member=Component V1 12AU7
Added Member To Class: ClassName=Gagabiro_POC_amp_main Member=Component V2 12AU7
